<?xml version="1.0" encoding="UTF-8"?>
<testsuite name="org.gradle.demo.GreeterTest" tests="1" skipped="0" failures="0" errors="0" timestamp="2018-04-17T08:43:49" hostname="Neki" time="0.0">
  <properties/>
  <testcase name="dummyUnitTest" classname="org.gradle.demo.GreeterTest" time="0.0"/>
  <system-out><![CDATA[]]></system-out>
  <system-err><![CDATA[]]></system-err>
</testsuite>
