<?xml version="1.0" encoding="UTF-8"?>
<testsuite name="dummyIntegrationTest.dummyIntegrationTest" tests="1" skipped="0" failures="0" errors="0" timestamp="2018-04-17T08:45:00" hostname="Neki" time="0.001">
  <properties/>
  <testcase name="dummyUnitTest" classname="dummyIntegrationTest.dummyIntegrationTest" time="0.001"/>
  <system-out><![CDATA[]]></system-out>
  <system-err><![CDATA[]]></system-err>
</testsuite>
